# JRE version: Java(TM) SE Runtime Environment (8.0_171-b11) (build 1.8.0_171-b11)
# Java VM: Java HotSpot(TM) 64-Bit Server VM (25.171-b11 mixed mode linux-amd64 compressed oops)
Heap:
 PSYoungGen      total 129536K, used 4889K [0x00000000d9400000, 0x00000000e1c00000, 0x0000000100000000)
  eden space 121344K, 0% used [0x00000000d9400000,0x00000000d9400000,0x00000000e0a80000)
  from space 8192K, 59% used [0x00000000e0a80000,0x00000000e0f466d0,0x00000000e1280000)
  to   space 6656K, 0% used [0x00000000e1280000,0x00000000e1280000,0x00000000e1900000)
 ParOldGen       total 80896K, used 4078K [0x000000008bc00000, 0x0000000090b00000, 0x00000000d9400000)
  object space 80896K, 5% used [0x000000008bc00000,0x000000008bffb9b0,0x0000000090b00000)
 Metaspace       used 20721K, capacity 21164K, committed 21296K, reserved 1067008K
  class space    used 2760K, capacity 2886K, committed 2944K, reserved 1048576K
GC Heap History (10 events):
Event: 1.634 GC heap after
Heap after GC invocations=2 (full 0):
 PSYoungGen      total 35328K, used 2836K [0x00000000d9400000, 0x00000000dbb00000, 0x0000000100000000)
  eden space 30720K, 0% used [0x00000000d9400000,0x00000000d9400000,0x00000000db200000)
  from space 4608K, 61% used [0x00000000db680000,0x00000000db9453c8,0x00000000dbb00000)
  to   space 4608K, 0% used [0x00000000db200000,0x00000000db200000,0x00000000db680000)
 ParOldGen       total 80896K, used 80K [0x000000008bc00000, 0x0000000090b00000, 0x00000000d9400000)
  object space 80896K, 0% used [0x000000008bc00000,0x000000008bc14010,0x0000000090b00000)
 Metaspace       used 7688K, capacity 7866K, committed 7936K, reserved 1056768K
  class space    used 951K, capacity 978K, committed 1024K, reserved 1048576K
}
Event: 2.065 GC heap before
{Heap before GC invocations=3 (full 0):
 PSYoungGen      total 35328K, used 33556K [0x00000000d9400000, 0x00000000dbb00000, 0x0000000100000000)
  eden space 30720K, 100% used [0x00000000d9400000,0x00000000db200000,0x00000000db200000)
  from space 4608K, 61% used [0x00000000db680000,0x00000000db9453c8,0x00000000dbb00000)
  to   space 4608K, 0% used [0x00000000db200000,0x00000000db200000,0x00000000db680000)
 ParOldGen       total 80896K, used 80K [0x000000008bc00000, 0x0000000090b00000, 0x00000000d9400000)
  object space 80896K, 0% used [0x000000008bc00000,0x000000008bc14010,0x0000000090b00000)
 Metaspace       used 10270K, capacity 10484K, committed 10624K, reserved 1058816K
  class space    used 1256K, capacity 1322K, committed 1408K, reserved 1048576K
Event: 2.073 GC heap after
Heap after GC invocations=3 (full 0):
 PSYoungGen      total 35328K, used 4152K [0x00000000d9400000, 0x00000000dd900000, 0x0000000100000000)
  eden space 30720K, 0% used [0x00000000d9400000,0x00000000d9400000,0x00000000db200000)
  from space 4608K, 90% used [0x00000000db200000,0x00000000db60e188,0x00000000db680000)
  to   space 4608K, 0% used [0x00000000dd480000,0x00000000dd480000,0x00000000dd900000)
 ParOldGen       total 80896K, used 88K [0x000000008bc00000, 0x0000000090b00000, 0x00000000d9400000)
  object space 80896K, 0% used [0x000000008bc00000,0x000000008bc16010,0x0000000090b00000)
 Metaspace       used 10270K, capacity 10484K, committed 10624K, reserved 1058816K
  class space    used 1256K, capacity 1322K, committed 1408K, reserved 1048576K
}
Event: 2.678 GC heap before
{Heap before GC invocations=4 (full 0):
 PSYoungGen      total 35328K, used 34872K [0x00000000d9400000, 0x00000000dd900000, 0x0000000100000000)
  eden space 30720K, 100% used [0x00000000d9400000,0x00000000db200000,0x00000000db200000)
  from space 4608K, 90% used [0x00000000db200000,0x00000000db60e188,0x00000000db680000)
  to   space 4608K, 0% used [0x00000000dd480000,0x00000000dd480000,0x00000000dd900000)
 ParOldGen       total 80896K, used 88K [0x000000008bc00000, 0x0000000090b00000, 0x00000000d9400000)
  object space 80896K, 0% used [0x000000008bc00000,0x000000008bc16010,0x0000000090b00000)
 Metaspace       used 11969K, capacity 12290K, committed 12416K, reserved 1060864K
  class space    used 1488K, capacity 1575K, committed 1664K, reserved 1048576K
Event: 2.688 GC heap after
Heap after GC invocations=4 (full 0):
 PSYoungGen      total 66048K, used 4451K [0x00000000d9400000, 0x00000000dd900000, 0x0000000100000000)
  eden space 61440K, 0% used [0x00000000d9400000,0x00000000d9400000,0x00000000dd000000)
  from space 4608K, 96% used [0x00000000dd480000,0x00000000dd8d8f28,0x00000000dd900000)
  to   space 4608K, 0% used [0x00000000dd000000,0x00000000dd000000,0x00000000dd480000)
 ParOldGen       total 80896K, used 96K [0x000000008bc00000, 0x0000000090b00000, 0x00000000d9400000)
  object space 80896K, 0% used [0x000000008bc00000,0x000000008bc18010,0x0000000090b00000)
 Metaspace       used 11969K, capacity 12290K, committed 12416K, reserved 1060864K
  class space    used 1488K, capacity 1575K, committed 1664K, reserved 1048576K
}
Event: 3.809 GC heap before
{Heap before GC invocations=5 (full 0):
 PSYoungGen      total 66048K, used 65891K [0x00000000d9400000, 0x00000000dd900000, 0x0000000100000000)
  eden space 61440K, 100% used [0x00000000d9400000,0x00000000dd000000,0x00000000dd000000)
  from space 4608K, 96% used [0x00000000dd480000,0x00000000dd8d8f28,0x00000000dd900000)
  to   space 4608K, 0% used [0x00000000dd000000,0x00000000dd000000,0x00000000dd480000)
 ParOldGen       total 80896K, used 96K [0x000000008bc00000, 0x0000000090b00000, 0x00000000d9400000)
  object space 80896K, 0% used [0x000000008bc00000,0x000000008bc18010,0x0000000090b00000)
 Metaspace       used 15488K, capacity 15816K, committed 16000K, reserved 1062912K
  class space    used 1958K, capacity 2058K, committed 2176K, reserved 1048576K
Event: 3.823 GC heap after
Heap after GC invocations=5 (full 0):
 PSYoungGen      total 66048K, used 4583K [0x00000000d9400000, 0x00000000e1900000, 0x0000000100000000)
  eden space 61440K, 0% used [0x00000000d9400000,0x00000000d9400000,0x00000000dd000000)
  from space 4608K, 99% used [0x00000000dd000000,0x00000000dd479d58,0x00000000dd480000)
  to   space 6656K, 0% used [0x00000000e1280000,0x00000000e1280000,0x00000000e1900000)
 ParOldGen       total 80896K, used 1590K [0x000000008bc00000, 0x0000000090b00000, 0x00000000d9400000)
  object space 80896K, 1% used [0x000000008bc00000,0x000000008bd8da78,0x0000000090b00000)
 Metaspace       used 15488K, capacity 15816K, committed 16000K, reserved 1062912K
  class space    used 1958K, capacity 2058K, committed 2176K, reserved 1048576K
}
Event: 4.350 GC heap before
{Heap before GC invocations=6 (full 0):
 PSYoungGen      total 66048K, used 66023K [0x00000000d9400000, 0x00000000e1900000, 0x0000000100000000)
  eden space 61440K, 100% used [0x00000000d9400000,0x00000000dd000000,0x00000000dd000000)
  from space 4608K, 99% used [0x00000000dd000000,0x00000000dd479d58,0x00000000dd480000)
  to   space 6656K, 0% used [0x00000000e1280000,0x00000000e1280000,0x00000000e1900000)
 ParOldGen       total 80896K, used 1590K [0x000000008bc00000, 0x0000000090b00000, 0x00000000d9400000)
  object space 80896K, 1% used [0x000000008bc00000,0x000000008bd8da78,0x0000000090b00000)
 Metaspace       used 18514K, capacity 18882K, committed 19200K, reserved 1067008K
  class space    used 2372K, capacity 2479K, committed 2560K, reserved 1048576K
Event: 4.365 GC heap after
Heap after GC invocations=6 (full 0):
 PSYoungGen      total 128000K, used 6639K [0x00000000d9400000, 0x00000000e1c00000, 0x0000000100000000)
  eden space 121344K, 0% used [0x00000000d9400000,0x00000000d9400000,0x00000000e0a80000)
  from space 6656K, 99% used [0x00000000e1280000,0x00000000e18fbdd0,0x00000000e1900000)
  to   space 8192K, 0% used [0x00000000e0a80000,0x00000000e0a80000,0x00000000e1280000)
 ParOldGen       total 80896K, used 2097K [0x000000008bc00000, 0x0000000090b00000, 0x00000000d9400000)
  object space 80896K, 2% used [0x000000008bc00000,0x000000008be0c718,0x0000000090b00000)
 Metaspace       used 18514K, capacity 18882K, committed 19200K, reserved 1067008K
  class space    used 2372K, capacity 2479K, committed 2560K, reserved 1048576K
}
Event: 4.906 GC heap before
{Heap before GC invocations=7 (full 0):
 PSYoungGen      total 128000K, used 94524K [0x00000000d9400000, 0x00000000e1c00000, 0x0000000100000000)
  eden space 121344K, 72% used [0x00000000d9400000,0x00000000de9d3578,0x00000000e0a80000)
  from space 6656K, 99% used [0x00000000e1280000,0x00000000e18fbdd0,0x00000000e1900000)
  to   space 8192K, 0% used [0x00000000e0a80000,0x00000000e0a80000,0x00000000e1280000)
 ParOldGen       total 80896K, used 2097K [0x000000008bc00000, 0x0000000090b00000, 0x00000000d9400000)
  object space 80896K, 2% used [0x000000008bc00000,0x000000008be0c718,0x0000000090b00000)
 Metaspace       used 20721K, capacity 21164K, committed 21296K, reserved 1067008K
  class space    used 2760K, capacity 2886K, committed 2944K, reserved 1048576K

